c:\nyu\spring 2021\game programming\project 5 - thy-lan gale\project 5 - thy-lan gale\debug\vc142.pdb
c:\nyu\spring 2021\game programming\project 5 - thy-lan gale\project 5 - thy-lan gale\debug\vc142.idb
c:\nyu\spring 2021\game programming\project 5 - thy-lan gale\project 5 - thy-lan gale\debug\util.obj
c:\nyu\spring 2021\game programming\project 5 - thy-lan gale\project 5 - thy-lan gale\debug\shaderprogram.obj
c:\nyu\spring 2021\game programming\project 5 - thy-lan gale\project 5 - thy-lan gale\debug\scene.obj
c:\nyu\spring 2021\game programming\project 5 - thy-lan gale\project 5 - thy-lan gale\debug\menu.obj
c:\nyu\spring 2021\game programming\project 5 - thy-lan gale\project 5 - thy-lan gale\debug\map.obj
c:\nyu\spring 2021\game programming\project 5 - thy-lan gale\project 5 - thy-lan gale\debug\level3.obj
c:\nyu\spring 2021\game programming\project 5 - thy-lan gale\project 5 - thy-lan gale\debug\level2.obj
c:\nyu\spring 2021\game programming\project 5 - thy-lan gale\project 5 - thy-lan gale\debug\level1.obj
c:\nyu\spring 2021\game programming\project 5 - thy-lan gale\project 5 - thy-lan gale\debug\game won.obj
c:\nyu\spring 2021\game programming\project 5 - thy-lan gale\project 5 - thy-lan gale\debug\game over.obj
c:\nyu\spring 2021\game programming\project 5 - thy-lan gale\project 5 - thy-lan gale\debug\entity.obj
c:\nyu\spring 2021\game programming\project 5 - thy-lan gale\project 5 - thy-lan gale\debug\main.obj
c:\nyu\spring 2021\game programming\project 5 - thy-lan gale\debug\project 5 - thy-lan gale.exe
c:\nyu\spring 2021\game programming\project 5 - thy-lan gale\debug\project 5 - thy-lan gale.ilk
c:\nyu\spring 2021\game programming\project 5 - thy-lan gale\debug\project 5 - thy-lan gale.pdb
c:\nyu\spring 2021\game programming\project 5 - thy-lan gale\project 5 - thy-lan gale\debug\project 5 - thy-lan gale.res
c:\nyu\spring 2021\game programming\project 5 - thy-lan gale\project 5 - thy-lan gale\debug\project .b22fa643.tlog\cl.command.1.tlog
c:\nyu\spring 2021\game programming\project 5 - thy-lan gale\project 5 - thy-lan gale\debug\project .b22fa643.tlog\cl.read.1.tlog
c:\nyu\spring 2021\game programming\project 5 - thy-lan gale\project 5 - thy-lan gale\debug\project .b22fa643.tlog\cl.write.1.tlog
c:\nyu\spring 2021\game programming\project 5 - thy-lan gale\project 5 - thy-lan gale\debug\project .b22fa643.tlog\link.command.1.tlog
c:\nyu\spring 2021\game programming\project 5 - thy-lan gale\project 5 - thy-lan gale\debug\project .b22fa643.tlog\link.read.1.tlog
c:\nyu\spring 2021\game programming\project 5 - thy-lan gale\project 5 - thy-lan gale\debug\project .b22fa643.tlog\link.write.1.tlog
c:\nyu\spring 2021\game programming\project 5 - thy-lan gale\project 5 - thy-lan gale\debug\project .b22fa643.tlog\rc.command.1.tlog
c:\nyu\spring 2021\game programming\project 5 - thy-lan gale\project 5 - thy-lan gale\debug\project .b22fa643.tlog\rc.read.1.tlog
c:\nyu\spring 2021\game programming\project 5 - thy-lan gale\project 5 - thy-lan gale\debug\project .b22fa643.tlog\rc.write.1.tlog
